
Start-Date: 2019-06-11  06:54:43
Commandline: /usr/bin/unattended-upgrade
Upgrade: libelf1:arm64 (0.165-3ubuntu1.1, 0.165-3ubuntu1.2)
End-Date: 2019-06-11  06:56:00

Start-Date: 2019-06-11  06:56:21
Commandline: /usr/bin/unattended-upgrade
Upgrade: libglib2.0-data:arm64 (2.48.2-0ubuntu4.1, 2.48.2-0ubuntu4.2)
End-Date: 2019-06-11  06:56:43

Start-Date: 2019-06-11  06:57:11
Commandline: /usr/bin/unattended-upgrade
Upgrade: libsndfile1:arm64 (1.0.25-10ubuntu0.16.04.1, 1.0.25-10ubuntu0.16.04.2)
End-Date: 2019-06-11  06:57:39

Start-Date: 2019-06-11  06:58:10
Commandline: /usr/bin/unattended-upgrade
Upgrade: libglib2.0-bin:arm64 (2.48.2-0ubuntu4.1, 2.48.2-0ubuntu4.2), libglib2.0-0:arm64 (2.48.2-0ubuntu4.1, 2.48.2-0ubuntu4.2)
End-Date: 2019-06-11  06:59:44

Start-Date: 2019-06-19  06:30:37
Commandline: /usr/bin/unattended-upgrade
Upgrade: sudo:arm64 (1.8.16-0ubuntu1.6, 1.8.16-0ubuntu1.7)
End-Date: 2019-06-19  06:31:13

Start-Date: 2019-06-19  06:31:21
Commandline: /usr/bin/unattended-upgrade
Upgrade: dbus-x11:arm64 (1.10.6-1ubuntu3.3, 1.10.6-1ubuntu3.4), libdbus-1-3:arm64 (1.10.6-1ubuntu3.3, 1.10.6-1ubuntu3.4), dbus:arm64 (1.10.6-1ubuntu3.3, 1.10.6-1ubuntu3.4)
End-Date: 2019-06-19  06:33:44

Start-Date: 2019-06-19  06:33:52
Commandline: /usr/bin/unattended-upgrade
Upgrade: vim-common:arm64 (2:7.4.1689-3ubuntu1.2, 2:7.4.1689-3ubuntu1.3), vim-runtime:arm64 (2:7.4.1689-3ubuntu1.2, 2:7.4.1689-3ubuntu1.3), vim:arm64 (2:7.4.1689-3ubuntu1.2, 2:7.4.1689-3ubuntu1.3), vim-tiny:arm64 (2:7.4.1689-3ubuntu1.2, 2:7.4.1689-3ubuntu1.3)
End-Date: 2019-06-19  06:37:36
