2019-06-11 06:54:43 startup archives unpack
2019-06-11 06:54:58 upgrade libelf1:arm64 0.165-3ubuntu1.1 0.165-3ubuntu1.2
2019-06-11 06:54:58 status triggers-pending libc-bin:arm64 2.23-0ubuntu11
2019-06-11 06:55:04 status half-configured libelf1:arm64 0.165-3ubuntu1.1
2019-06-11 06:55:04 status unpacked libelf1:arm64 0.165-3ubuntu1.1
2019-06-11 06:55:04 status half-installed libelf1:arm64 0.165-3ubuntu1.1
2019-06-11 06:55:05 status half-installed libelf1:arm64 0.165-3ubuntu1.1
2019-06-11 06:55:05 status unpacked libelf1:arm64 0.165-3ubuntu1.2
2019-06-11 06:55:05 status unpacked libelf1:arm64 0.165-3ubuntu1.2
2019-06-11 06:55:05 trigproc libc-bin:arm64 2.23-0ubuntu11 <none>
2019-06-11 06:55:05 status half-configured libc-bin:arm64 2.23-0ubuntu11
2019-06-11 06:55:07 status installed libc-bin:arm64 2.23-0ubuntu11
2019-06-11 06:55:10 startup packages configure
2019-06-11 06:55:10 configure libelf1:arm64 0.165-3ubuntu1.2 <none>
2019-06-11 06:55:10 status triggers-pending libc-bin:arm64 2.23-0ubuntu11
2019-06-11 06:55:11 status unpacked libelf1:arm64 0.165-3ubuntu1.2
2019-06-11 06:55:11 status half-configured libelf1:arm64 0.165-3ubuntu1.2
2019-06-11 06:55:11 status installed libelf1:arm64 0.165-3ubuntu1.2
2019-06-11 06:55:11 trigproc libc-bin:arm64 2.23-0ubuntu11 <none>
2019-06-11 06:55:11 status half-configured libc-bin:arm64 2.23-0ubuntu11
2019-06-11 06:55:13 status installed libc-bin:arm64 2.23-0ubuntu11
2019-06-11 06:55:26 startup packages configure
2019-06-11 06:56:21 startup archives unpack
2019-06-11 06:56:24 upgrade libglib2.0-data:all 2.48.2-0ubuntu4.1 2.48.2-0ubuntu4.2
2019-06-11 06:56:24 status half-configured libglib2.0-data:all 2.48.2-0ubuntu4.1
2019-06-11 06:56:27 status unpacked libglib2.0-data:all 2.48.2-0ubuntu4.1
2019-06-11 06:56:28 status half-installed libglib2.0-data:all 2.48.2-0ubuntu4.1
2019-06-11 06:56:29 status half-installed libglib2.0-data:all 2.48.2-0ubuntu4.1
2019-06-11 06:56:29 status unpacked libglib2.0-data:all 2.48.2-0ubuntu4.2
2019-06-11 06:56:29 status unpacked libglib2.0-data:all 2.48.2-0ubuntu4.2
2019-06-11 06:56:34 startup packages configure
2019-06-11 06:56:34 configure libglib2.0-data:all 2.48.2-0ubuntu4.2 <none>
2019-06-11 06:56:34 status unpacked libglib2.0-data:all 2.48.2-0ubuntu4.2
2019-06-11 06:56:34 status half-configured libglib2.0-data:all 2.48.2-0ubuntu4.2
2019-06-11 06:56:34 status installed libglib2.0-data:all 2.48.2-0ubuntu4.2
2019-06-11 06:56:38 startup packages configure
2019-06-11 06:57:12 startup archives unpack
2019-06-11 06:57:15 upgrade libsndfile1:arm64 1.0.25-10ubuntu0.16.04.1 1.0.25-10ubuntu0.16.04.2
2019-06-11 06:57:15 status triggers-pending libc-bin:arm64 2.23-0ubuntu11
2019-06-11 06:57:15 status half-configured libsndfile1:arm64 1.0.25-10ubuntu0.16.04.1
2019-06-11 06:57:15 status unpacked libsndfile1:arm64 1.0.25-10ubuntu0.16.04.1
2019-06-11 06:57:15 status half-installed libsndfile1:arm64 1.0.25-10ubuntu0.16.04.1
2019-06-11 06:57:18 status half-installed libsndfile1:arm64 1.0.25-10ubuntu0.16.04.1
2019-06-11 06:57:18 status unpacked libsndfile1:arm64 1.0.25-10ubuntu0.16.04.2
2019-06-11 06:57:18 status unpacked libsndfile1:arm64 1.0.25-10ubuntu0.16.04.2
2019-06-11 06:57:18 trigproc libc-bin:arm64 2.23-0ubuntu11 <none>
2019-06-11 06:57:18 status half-configured libc-bin:arm64 2.23-0ubuntu11
2019-06-11 06:57:21 status installed libc-bin:arm64 2.23-0ubuntu11
2019-06-11 06:57:26 startup packages configure
2019-06-11 06:57:26 configure libsndfile1:arm64 1.0.25-10ubuntu0.16.04.2 <none>
2019-06-11 06:57:26 status triggers-pending libc-bin:arm64 2.23-0ubuntu11
2019-06-11 06:57:27 status unpacked libsndfile1:arm64 1.0.25-10ubuntu0.16.04.2
2019-06-11 06:57:27 status half-configured libsndfile1:arm64 1.0.25-10ubuntu0.16.04.2
2019-06-11 06:57:27 status installed libsndfile1:arm64 1.0.25-10ubuntu0.16.04.2
2019-06-11 06:57:27 trigproc libc-bin:arm64 2.23-0ubuntu11 <none>
2019-06-11 06:57:27 status half-configured libc-bin:arm64 2.23-0ubuntu11
2019-06-11 06:57:30 status installed libc-bin:arm64 2.23-0ubuntu11
2019-06-11 06:57:36 startup packages configure
2019-06-11 06:58:10 startup archives unpack
2019-06-11 06:58:15 upgrade libglib2.0-bin:arm64 2.48.2-0ubuntu4.1 2.48.2-0ubuntu4.2
2019-06-11 06:58:15 status half-configured libglib2.0-bin:arm64 2.48.2-0ubuntu4.1
2019-06-11 06:58:17 status unpacked libglib2.0-bin:arm64 2.48.2-0ubuntu4.1
2019-06-11 06:58:18 status half-installed libglib2.0-bin:arm64 2.48.2-0ubuntu4.1
2019-06-11 06:58:18 status triggers-pending man-db:arm64 2.7.5-1
2019-06-11 06:58:18 status half-installed libglib2.0-bin:arm64 2.48.2-0ubuntu4.1
2019-06-11 06:58:18 status unpacked libglib2.0-bin:arm64 2.48.2-0ubuntu4.2
2019-06-11 06:58:19 status unpacked libglib2.0-bin:arm64 2.48.2-0ubuntu4.2
2019-06-11 06:58:22 upgrade libglib2.0-0:arm64 2.48.2-0ubuntu4.1 2.48.2-0ubuntu4.2
2019-06-11 06:58:22 status triggers-pending libc-bin:arm64 2.23-0ubuntu11
2019-06-11 06:58:22 status half-configured libglib2.0-0:arm64 2.48.2-0ubuntu4.1
2019-06-11 06:58:22 status unpacked libglib2.0-0:arm64 2.48.2-0ubuntu4.1
2019-06-11 06:58:22 status half-installed libglib2.0-0:arm64 2.48.2-0ubuntu4.1
2019-06-11 06:58:30 status half-installed libglib2.0-0:arm64 2.48.2-0ubuntu4.1
2019-06-11 06:58:31 status unpacked libglib2.0-0:arm64 2.48.2-0ubuntu4.2
2019-06-11 06:58:31 status unpacked libglib2.0-0:arm64 2.48.2-0ubuntu4.2
2019-06-11 06:58:31 trigproc man-db:arm64 2.7.5-1 <none>
2019-06-11 06:58:31 status half-configured man-db:arm64 2.7.5-1
2019-06-11 06:59:16 status installed man-db:arm64 2.7.5-1
2019-06-11 06:59:17 trigproc libc-bin:arm64 2.23-0ubuntu11 <none>
2019-06-11 06:59:17 status half-configured libc-bin:arm64 2.23-0ubuntu11
2019-06-11 06:59:21 status installed libc-bin:arm64 2.23-0ubuntu11
2019-06-11 06:59:27 startup packages configure
2019-06-11 06:59:27 configure libglib2.0-0:arm64 2.48.2-0ubuntu4.2 <none>
2019-06-11 06:59:27 status triggers-pending libc-bin:arm64 2.23-0ubuntu11
2019-06-11 06:59:28 status unpacked libglib2.0-0:arm64 2.48.2-0ubuntu4.2
2019-06-11 06:59:28 status half-configured libglib2.0-0:arm64 2.48.2-0ubuntu4.2
2019-06-11 06:59:32 status installed libglib2.0-0:arm64 2.48.2-0ubuntu4.2
2019-06-11 06:59:32 configure libglib2.0-bin:arm64 2.48.2-0ubuntu4.2 <none>
2019-06-11 06:59:32 status unpacked libglib2.0-bin:arm64 2.48.2-0ubuntu4.2
2019-06-11 06:59:32 status half-configured libglib2.0-bin:arm64 2.48.2-0ubuntu4.2
2019-06-11 06:59:32 status installed libglib2.0-bin:arm64 2.48.2-0ubuntu4.2
2019-06-11 06:59:32 trigproc libc-bin:arm64 2.23-0ubuntu11 <none>
2019-06-11 06:59:32 status half-configured libc-bin:arm64 2.23-0ubuntu11
2019-06-11 06:59:35 status installed libc-bin:arm64 2.23-0ubuntu11
2019-06-11 06:59:39 startup packages configure
2019-06-19 06:30:38 startup archives unpack
2019-06-19 06:30:41 upgrade sudo:arm64 1.8.16-0ubuntu1.6 1.8.16-0ubuntu1.7
2019-06-19 06:30:41 status half-configured sudo:arm64 1.8.16-0ubuntu1.6
2019-06-19 06:30:54 status unpacked sudo:arm64 1.8.16-0ubuntu1.6
2019-06-19 06:30:55 status half-installed sudo:arm64 1.8.16-0ubuntu1.6
2019-06-19 06:30:56 status triggers-pending man-db:arm64 2.7.5-1
2019-06-19 06:31:00 status half-installed sudo:arm64 1.8.16-0ubuntu1.6
2019-06-19 06:31:01 status unpacked sudo:arm64 1.8.16-0ubuntu1.7
2019-06-19 06:31:01 status unpacked sudo:arm64 1.8.16-0ubuntu1.7
2019-06-19 06:31:01 trigproc man-db:arm64 2.7.5-1 <none>
2019-06-19 06:31:01 status half-configured man-db:arm64 2.7.5-1
2019-06-19 06:31:03 status installed man-db:arm64 2.7.5-1
2019-06-19 06:31:05 startup packages configure
2019-06-19 06:31:05 configure sudo:arm64 1.8.16-0ubuntu1.7 <none>
2019-06-19 06:31:05 status unpacked sudo:arm64 1.8.16-0ubuntu1.7
2019-06-19 06:31:06 status unpacked sudo:arm64 1.8.16-0ubuntu1.7
2019-06-19 06:31:06 status unpacked sudo:arm64 1.8.16-0ubuntu1.7
2019-06-19 06:31:09 status unpacked sudo:arm64 1.8.16-0ubuntu1.7
2019-06-19 06:31:09 status half-configured sudo:arm64 1.8.16-0ubuntu1.7
2019-06-19 06:31:09 status installed sudo:arm64 1.8.16-0ubuntu1.7
2019-06-19 06:31:10 startup packages configure
2019-06-19 06:31:22 startup archives unpack
2019-06-19 06:31:25 upgrade dbus-x11:arm64 1.10.6-1ubuntu3.3 1.10.6-1ubuntu3.4
2019-06-19 06:31:25 status half-configured dbus-x11:arm64 1.10.6-1ubuntu3.3
2019-06-19 06:32:01 status unpacked dbus-x11:arm64 1.10.6-1ubuntu3.3
2019-06-19 06:32:02 status half-installed dbus-x11:arm64 1.10.6-1ubuntu3.3
2019-06-19 06:32:03 status triggers-pending man-db:arm64 2.7.5-1
2019-06-19 06:32:03 status half-installed dbus-x11:arm64 1.10.6-1ubuntu3.3
2019-06-19 06:32:03 status unpacked dbus-x11:arm64 1.10.6-1ubuntu3.4
2019-06-19 06:32:03 status unpacked dbus-x11:arm64 1.10.6-1ubuntu3.4
2019-06-19 06:32:03 upgrade dbus:arm64 1.10.6-1ubuntu3.3 1.10.6-1ubuntu3.4
2019-06-19 06:32:03 status half-configured dbus:arm64 1.10.6-1ubuntu3.3
2019-06-19 06:32:03 status unpacked dbus:arm64 1.10.6-1ubuntu3.3
2019-06-19 06:32:03 status half-installed dbus:arm64 1.10.6-1ubuntu3.3
2019-06-19 06:32:05 status triggers-pending ureadahead:arm64 0.100.0-19.1
2019-06-19 06:32:05 status triggers-pending systemd:arm64 229-4ubuntu21.21
2019-06-19 06:32:05 status triggers-pending ureadahead:arm64 0.100.0-19.1
2019-06-19 06:32:06 status half-installed dbus:arm64 1.10.6-1ubuntu3.3
2019-06-19 06:32:08 status unpacked dbus:arm64 1.10.6-1ubuntu3.4
2019-06-19 06:32:08 status unpacked dbus:arm64 1.10.6-1ubuntu3.4
2019-06-19 06:32:22 upgrade libdbus-1-3:arm64 1.10.6-1ubuntu3.3 1.10.6-1ubuntu3.4
2019-06-19 06:32:22 status triggers-pending libc-bin:arm64 2.23-0ubuntu11
2019-06-19 06:32:23 status half-configured libdbus-1-3:arm64 1.10.6-1ubuntu3.3
2019-06-19 06:32:26 status unpacked libdbus-1-3:arm64 1.10.6-1ubuntu3.3
2019-06-19 06:32:27 status half-installed libdbus-1-3:arm64 1.10.6-1ubuntu3.3
2019-06-19 06:32:59 status half-installed libdbus-1-3:arm64 1.10.6-1ubuntu3.3
2019-06-19 06:33:00 status unpacked libdbus-1-3:arm64 1.10.6-1ubuntu3.4
2019-06-19 06:33:00 status unpacked libdbus-1-3:arm64 1.10.6-1ubuntu3.4
2019-06-19 06:33:00 trigproc man-db:arm64 2.7.5-1 <none>
2019-06-19 06:33:00 status half-configured man-db:arm64 2.7.5-1
2019-06-19 06:33:03 status installed man-db:arm64 2.7.5-1
2019-06-19 06:33:04 trigproc ureadahead:arm64 0.100.0-19.1 <none>
2019-06-19 06:33:04 status half-configured ureadahead:arm64 0.100.0-19.1
2019-06-19 06:33:05 status installed ureadahead:arm64 0.100.0-19.1
2019-06-19 06:33:05 trigproc systemd:arm64 229-4ubuntu21.21 <none>
2019-06-19 06:33:05 status half-configured systemd:arm64 229-4ubuntu21.21
2019-06-19 06:33:06 status installed systemd:arm64 229-4ubuntu21.21
2019-06-19 06:33:06 trigproc libc-bin:arm64 2.23-0ubuntu11 <none>
2019-06-19 06:33:06 status half-configured libc-bin:arm64 2.23-0ubuntu11
2019-06-19 06:33:07 status installed libc-bin:arm64 2.23-0ubuntu11
2019-06-19 06:33:35 startup packages configure
2019-06-19 06:33:35 configure libdbus-1-3:arm64 1.10.6-1ubuntu3.4 <none>
2019-06-19 06:33:35 status triggers-pending libc-bin:arm64 2.23-0ubuntu11
2019-06-19 06:33:36 status unpacked libdbus-1-3:arm64 1.10.6-1ubuntu3.4
2019-06-19 06:33:36 status half-configured libdbus-1-3:arm64 1.10.6-1ubuntu3.4
2019-06-19 06:33:36 status installed libdbus-1-3:arm64 1.10.6-1ubuntu3.4
2019-06-19 06:33:36 configure dbus:arm64 1.10.6-1ubuntu3.4 <none>
2019-06-19 06:33:36 status unpacked dbus:arm64 1.10.6-1ubuntu3.4
2019-06-19 06:33:36 status unpacked dbus:arm64 1.10.6-1ubuntu3.4
2019-06-19 06:33:36 status unpacked dbus:arm64 1.10.6-1ubuntu3.4
2019-06-19 06:33:36 status unpacked dbus:arm64 1.10.6-1ubuntu3.4
2019-06-19 06:33:36 status half-configured dbus:arm64 1.10.6-1ubuntu3.4
2019-06-19 06:33:38 status installed dbus:arm64 1.10.6-1ubuntu3.4
2019-06-19 06:33:38 configure dbus-x11:arm64 1.10.6-1ubuntu3.4 <none>
2019-06-19 06:33:38 status unpacked dbus-x11:arm64 1.10.6-1ubuntu3.4
2019-06-19 06:33:38 status unpacked dbus-x11:arm64 1.10.6-1ubuntu3.4
2019-06-19 06:33:38 status unpacked dbus-x11:arm64 1.10.6-1ubuntu3.4
2019-06-19 06:33:38 status half-configured dbus-x11:arm64 1.10.6-1ubuntu3.4
2019-06-19 06:33:38 status installed dbus-x11:arm64 1.10.6-1ubuntu3.4
2019-06-19 06:33:38 trigproc libc-bin:arm64 2.23-0ubuntu11 <none>
2019-06-19 06:33:38 status half-configured libc-bin:arm64 2.23-0ubuntu11
2019-06-19 06:33:39 status installed libc-bin:arm64 2.23-0ubuntu11
2019-06-19 06:33:42 startup packages configure
2019-06-19 06:33:52 startup archives unpack
2019-06-19 06:34:13 upgrade vim:arm64 2:7.4.1689-3ubuntu1.2 2:7.4.1689-3ubuntu1.3
2019-06-19 06:34:13 status half-configured vim:arm64 2:7.4.1689-3ubuntu1.2
2019-06-19 06:34:13 status unpacked vim:arm64 2:7.4.1689-3ubuntu1.2
2019-06-19 06:34:13 status half-installed vim:arm64 2:7.4.1689-3ubuntu1.2
2019-06-19 06:34:16 status half-installed vim:arm64 2:7.4.1689-3ubuntu1.2
2019-06-19 06:34:16 status unpacked vim:arm64 2:7.4.1689-3ubuntu1.3
2019-06-19 06:34:16 status unpacked vim:arm64 2:7.4.1689-3ubuntu1.3
2019-06-19 06:34:16 upgrade vim-tiny:arm64 2:7.4.1689-3ubuntu1.2 2:7.4.1689-3ubuntu1.3
2019-06-19 06:34:16 status half-configured vim-tiny:arm64 2:7.4.1689-3ubuntu1.2
2019-06-19 06:34:17 status unpacked vim-tiny:arm64 2:7.4.1689-3ubuntu1.2
2019-06-19 06:34:17 status half-installed vim-tiny:arm64 2:7.4.1689-3ubuntu1.2
2019-06-19 06:34:23 status half-installed vim-tiny:arm64 2:7.4.1689-3ubuntu1.2
2019-06-19 06:34:24 status unpacked vim-tiny:arm64 2:7.4.1689-3ubuntu1.3
2019-06-19 06:34:24 status unpacked vim-tiny:arm64 2:7.4.1689-3ubuntu1.3
2019-06-19 06:34:25 upgrade vim-runtime:all 2:7.4.1689-3ubuntu1.2 2:7.4.1689-3ubuntu1.3
2019-06-19 06:34:25 status half-configured vim-runtime:all 2:7.4.1689-3ubuntu1.2
2019-06-19 06:34:27 status unpacked vim-runtime:all 2:7.4.1689-3ubuntu1.2
2019-06-19 06:34:27 status half-installed vim-runtime:all 2:7.4.1689-3ubuntu1.2
2019-06-19 06:35:42 status triggers-pending man-db:arm64 2.7.5-1
2019-06-19 06:35:44 status half-installed vim-runtime:all 2:7.4.1689-3ubuntu1.2
2019-06-19 06:35:45 status unpacked vim-runtime:all 2:7.4.1689-3ubuntu1.3
2019-06-19 06:35:46 status unpacked vim-runtime:all 2:7.4.1689-3ubuntu1.3
2019-06-19 06:36:17 upgrade vim-common:arm64 2:7.4.1689-3ubuntu1.2 2:7.4.1689-3ubuntu1.3
2019-06-19 06:36:17 status half-configured vim-common:arm64 2:7.4.1689-3ubuntu1.2
2019-06-19 06:36:17 status unpacked vim-common:arm64 2:7.4.1689-3ubuntu1.2
2019-06-19 06:36:17 status half-installed vim-common:arm64 2:7.4.1689-3ubuntu1.2
2019-06-19 06:36:17 status triggers-pending gnome-menus:arm64 3.13.3-6ubuntu3.1
2019-06-19 06:36:17 status triggers-pending desktop-file-utils:arm64 0.22-1ubuntu5.2
2019-06-19 06:36:17 status triggers-pending mime-support:all 3.59ubuntu1
2019-06-19 06:36:17 status triggers-pending hicolor-icon-theme:all 0.15-0ubuntu1.1
2019-06-19 06:36:17 status triggers-pending mime-support:all 3.59ubuntu1
2019-06-19 06:36:17 status half-installed vim-common:arm64 2:7.4.1689-3ubuntu1.2
2019-06-19 06:36:17 status unpacked vim-common:arm64 2:7.4.1689-3ubuntu1.3
2019-06-19 06:36:17 status unpacked vim-common:arm64 2:7.4.1689-3ubuntu1.3
2019-06-19 06:36:17 trigproc man-db:arm64 2.7.5-1 <none>
2019-06-19 06:36:17 status half-configured man-db:arm64 2.7.5-1
2019-06-19 06:36:20 status installed man-db:arm64 2.7.5-1
2019-06-19 06:36:20 trigproc gnome-menus:arm64 3.13.3-6ubuntu3.1 <none>
2019-06-19 06:36:20 status half-configured gnome-menus:arm64 3.13.3-6ubuntu3.1
2019-06-19 06:36:21 status installed gnome-menus:arm64 3.13.3-6ubuntu3.1
2019-06-19 06:36:22 trigproc desktop-file-utils:arm64 0.22-1ubuntu5.2 <none>
2019-06-19 06:36:22 status half-configured desktop-file-utils:arm64 0.22-1ubuntu5.2
2019-06-19 06:36:22 status installed desktop-file-utils:arm64 0.22-1ubuntu5.2
2019-06-19 06:36:23 trigproc mime-support:all 3.59ubuntu1 <none>
2019-06-19 06:36:23 status half-configured mime-support:all 3.59ubuntu1
2019-06-19 06:36:23 status installed mime-support:all 3.59ubuntu1
2019-06-19 06:36:25 trigproc hicolor-icon-theme:all 0.15-0ubuntu1.1 <none>
2019-06-19 06:36:25 status half-configured hicolor-icon-theme:all 0.15-0ubuntu1.1
2019-06-19 06:36:27 status installed hicolor-icon-theme:all 0.15-0ubuntu1.1
2019-06-19 06:36:36 startup packages configure
2019-06-19 06:36:36 configure vim-common:arm64 2:7.4.1689-3ubuntu1.3 <none>
2019-06-19 06:36:36 status unpacked vim-common:arm64 2:7.4.1689-3ubuntu1.3
2019-06-19 06:36:36 status unpacked vim-common:arm64 2:7.4.1689-3ubuntu1.3
2019-06-19 06:36:36 status half-configured vim-common:arm64 2:7.4.1689-3ubuntu1.3
2019-06-19 06:36:36 status installed vim-common:arm64 2:7.4.1689-3ubuntu1.3
2019-06-19 06:36:36 configure vim-runtime:all 2:7.4.1689-3ubuntu1.3 <none>
2019-06-19 06:36:36 status unpacked vim-runtime:all 2:7.4.1689-3ubuntu1.3
2019-06-19 06:36:40 status half-configured vim-runtime:all 2:7.4.1689-3ubuntu1.3
2019-06-19 06:36:42 status installed vim-runtime:all 2:7.4.1689-3ubuntu1.3
2019-06-19 06:36:57 configure vim:arm64 2:7.4.1689-3ubuntu1.3 <none>
2019-06-19 06:36:57 status unpacked vim:arm64 2:7.4.1689-3ubuntu1.3
2019-06-19 06:37:15 status half-configured vim:arm64 2:7.4.1689-3ubuntu1.3
2019-06-19 06:37:20 status installed vim:arm64 2:7.4.1689-3ubuntu1.3
2019-06-19 06:37:20 configure vim-tiny:arm64 2:7.4.1689-3ubuntu1.3 <none>
2019-06-19 06:37:20 status unpacked vim-tiny:arm64 2:7.4.1689-3ubuntu1.3
2019-06-19 06:37:20 status unpacked vim-tiny:arm64 2:7.4.1689-3ubuntu1.3
2019-06-19 06:37:20 status half-configured vim-tiny:arm64 2:7.4.1689-3ubuntu1.3
2019-06-19 06:37:33 status installed vim-tiny:arm64 2:7.4.1689-3ubuntu1.3
2019-06-19 06:37:36 startup packages configure
