[    41.638] 
X.Org X Server 1.18.4
Release Date: 2016-07-19
[    41.638] X Protocol Version 11, Revision 0
[    41.638] Build Operating System: Linux 4.4.0-131-generic aarch64 Ubuntu
[    41.638] Current Operating System: Linux ubuntu 4.19.0-xilinx-v2019.1 #1 SMP Mon Jun 10 07:54:03 UTC 2019 aarch64
[    41.638] Kernel command line: earlycon clk_ignore_unused consoleblank=0 cma=1700M uio_pdrv_genirq.of_id=generic-uio root=/dev/mmcblk0p2 rootfstype=ext4 rw rootwait 
[    41.638] Build Date: 10 August 2018  12:01:21PM
[    41.638] xorg-server 2:1.18.4-0ubuntu0.8 (For technical support please see http://www.ubuntu.com/support) 
[    41.638] Current version of pixman: 0.33.6
[    41.638] 	Before reporting problems, check http://wiki.x.org
	to make sure that you have the latest version.
[    41.638] Markers: (--) probed, (**) from config file, (==) default setting,
	(++) from command line, (!!) notice, (II) informational,
	(WW) warning, (EE) error, (NI) not implemented, (??) unknown.
[    41.639] (==) Log file: "/var/log/Xorg.0.log", Time: Wed Jun 19 03:58:22 2019
[    41.644] (==) Using config directory: "/etc/X11/xorg.conf.d"
[    41.644] (==) Using system config directory "/usr/share/X11/xorg.conf.d"
[    41.670] (==) ServerLayout "ServerLayout0"
[    41.670] (**) |-->Screen "DefaultScreen" (0)
[    41.670] (**) |   |-->Monitor "<default monitor>"
[    41.670] (**) |   |-->Device "ZynqMP"
[    41.670] (==) No monitor specified for screen "DefaultScreen".
	Using a default monitor configuration.
[    41.670] (**) Option "BlankTime" "0"
[    41.670] (**) Option "StandbyTime" "0"
[    41.670] (**) Option "SuspendTime" "0"
[    41.670] (**) Option "OffTime" "0"
[    41.671] (==) Automatically adding devices
[    41.671] (==) Automatically enabling devices
[    41.671] (==) Automatically adding GPU devices
[    41.678] (==) Max clients allowed: 256, resource mask: 0x1fffff
[    41.684] (WW) The directory "/usr/share/fonts/X11/cyrillic" does not exist.
[    41.684] 	Entry deleted from font path.
[    41.684] (WW) The directory "/usr/share/fonts/X11/100dpi/" does not exist.
[    41.684] 	Entry deleted from font path.
[    41.684] (WW) The directory "/usr/share/fonts/X11/75dpi/" does not exist.
[    41.684] 	Entry deleted from font path.
[    41.685] (WW) The directory "/usr/share/fonts/X11/100dpi" does not exist.
[    41.685] 	Entry deleted from font path.
[    41.685] (WW) The directory "/usr/share/fonts/X11/75dpi" does not exist.
[    41.685] 	Entry deleted from font path.
[    41.685] (==) FontPath set to:
	/usr/share/fonts/X11/misc,
	/usr/share/fonts/X11/Type1,
	built-ins
[    41.685] (==) ModulePath set to "/usr/lib/aarch64-linux-gnu/xorg/extra-modules,/usr/lib/xorg/extra-modules,/usr/lib/xorg/modules"
[    41.685] (II) The server relies on udev to provide the list of input devices.
	If no devices become available, reconfigure udev or disable AutoAddDevices.
[    41.687] (II) Loader magic: 0x557a82cd80
[    41.687] (II) Module ABI versions:
[    41.687] 	X.Org ANSI C Emulation: 0.4
[    41.687] 	X.Org Video Driver: 20.0
[    41.687] 	X.Org XInput driver : 22.1
[    41.687] 	X.Org Server Extension : 9.0
[    41.688] (--) using VT number 2

[    41.688] (II) systemd-logind: logind integration requires -keeptty and -keeptty was not provided, disabling logind integration
[    41.690] (II) xfree86: Adding drm device (/dev/dri/card0)
[    41.690] (II) xfree86: Adding drm device (/dev/dri/card1)
[    41.702] (II) no primary bus or device found
[    41.702] 	falling back to /sys/devices/platform/amba/fd4a0000.zynqmp-display/drm/card0
[    41.702] (II) LoadModule: "glx"
[    41.720] (II) Loading /usr/lib/xorg/modules/extensions/libglx.so
[    41.848] (II) Module glx: vendor="X.Org Foundation"
[    41.848] 	compiled for 1.18.4, module version = 1.0.0
[    41.848] 	ABI class: X.Org Server Extension, version 9.0
[    41.848] (==) AIGLX enabled
[    41.853] (II) LoadModule: "armsoc"
[    41.853] (II) Loading /usr/lib/xorg/modules/drivers/armsoc_drv.so
[    41.864] (II) Module armsoc: vendor="X.Org Foundation"
[    41.864] 	compiled for 1.18.4, module version = 1.1.0
[    41.864] 	Module class: X.Org Video Driver
[    41.864] 	ABI class: X.Org Video Driver, version 20.0
[    41.864] (II) ARMSOC: Driver for ARM Mali compatible chipsets
[    41.968] (WW) Falling back to old probe method for armsoc
[    41.969] (II) No BusID or DriverName specified - opening /dev/dri/card1
[    41.969] (II) Got BusID a0070000.v_mix
[    41.985] (II) Opened DRM
[    41.985] (II)    DeviceName is [/dev/dri/card1]
[    41.986] (II)    bus_id is [a0070000.v_mix]
[    41.986] (II)    DriverName is [xlnx]
[    41.986] (II)    version is [1.0.0]
[    41.986] (II) Screen:0,  CRTC:-1
[    42.002] (WW) VGA arbiter: cannot open kernel arbiter, no multi-card support
[    42.002] (II) ARMSOC(0): Creating default Display subsection in Screen section
	"DefaultScreen" for depth/fbbpp 24/32
[    42.002] (++) ARMSOC(0): Depth 24, (--) framebuffer bpp 32
[    42.002] (==) ARMSOC(0): RGB weight 888
[    42.002] (==) ARMSOC(0): Using gamma correction (1.0, 1.0, 1.0)
[    42.002] (==) ARMSOC(0): Default visual is TrueColor
[    42.002] (II) No BusID or DriverName specified - opening /dev/dri/card1
[    42.002] (II) Got BusID a0070000.v_mix
[    42.019] (II) Opened DRM
[    42.019] (II)    DeviceName is [/dev/dri/card1]
[    42.019] (II)    bus_id is [a0070000.v_mix]
[    42.019] (II)    DriverName is [xlnx]
[    42.019] (II)    version is [1.0.0]
[    42.019] (II) ARMSOC(0): Chipset: Mali
[    42.019] (**) ARMSOC(0): Option "Debug" "false"
[    42.019] (**) ARMSOC(0): Option "DRICard" "1"
[    42.019] (II) ARMSOC(0): Buffer Flipping is Enabled
[    42.019] (II) ARMSOC(0): umplock is Enabled
[    42.019] (II) ARMSOC(0): Setting the video modes ...
[    42.019] (II) ARMSOC(0): Adding all CRTCs
[    42.019] (II) ARMSOC(0): Got CRTC: 0 (id: 38)
[    42.093] (II) ARMSOC(0): Output HDMI-1 has no monitor section
[    42.167] (II) ARMSOC(0): EDID for output HDMI-1
[    42.167] (II) ARMSOC(0): Manufacturer: VSC  Model: ae30  Serial#: 16843009
[    42.167] (II) ARMSOC(0): Year: 2016  Week: 9
[    42.167] (II) ARMSOC(0): EDID Version: 1.3
[    42.167] (II) ARMSOC(0): Digital Display Input
[    42.167] (II) ARMSOC(0): Max Image Size [cm]: horiz.: 52  vert.: 29
[    42.167] (II) ARMSOC(0): Gamma: 2.20
[    42.167] (II) ARMSOC(0): DPMS capabilities: Off
[    42.167] (II) ARMSOC(0): Supported color encodings: RGB 4:4:4 YCrCb 4:4:4 
[    42.167] (II) ARMSOC(0): Default color space is primary color space
[    42.167] (II) ARMSOC(0): First detailed timing is preferred mode
[    42.167] (II) ARMSOC(0): redX: 0.640 redY: 0.330   greenX: 0.290 greenY: 0.600
[    42.167] (II) ARMSOC(0): blueX: 0.150 blueY: 0.060   whiteX: 0.313 whiteY: 0.329
[    42.167] (II) ARMSOC(0): Supported established timings:
[    42.167] (II) ARMSOC(0): 720x400@70Hz
[    42.167] (II) ARMSOC(0): 640x480@60Hz
[    42.167] (II) ARMSOC(0): 640x480@67Hz
[    42.167] (II) ARMSOC(0): 640x480@72Hz
[    42.167] (II) ARMSOC(0): 640x480@75Hz
[    42.167] (II) ARMSOC(0): 800x600@56Hz
[    42.168] (II) ARMSOC(0): 800x600@60Hz
[    42.168] (II) ARMSOC(0): 800x600@72Hz
[    42.168] (II) ARMSOC(0): 800x600@75Hz
[    42.168] (II) ARMSOC(0): 832x624@75Hz
[    42.168] (II) ARMSOC(0): 1024x768@60Hz
[    42.168] (II) ARMSOC(0): 1024x768@70Hz
[    42.168] (II) ARMSOC(0): 1024x768@75Hz
[    42.168] (II) ARMSOC(0): 1280x1024@75Hz
[    42.168] (II) ARMSOC(0): 1152x864@75Hz
[    42.168] (II) ARMSOC(0): Manufacturer's mask: 0
[    42.168] (II) ARMSOC(0): Supported standard timings:
[    42.168] (II) ARMSOC(0): #0: hsize: 1920  vsize 1080  refresh: 60  vid: 49361
[    42.168] (II) ARMSOC(0): #1: hsize: 1680  vsize 1050  refresh: 60  vid: 179
[    42.168] (II) ARMSOC(0): #2: hsize: 1600  vsize 1200  refresh: 60  vid: 16553
[    42.168] (II) ARMSOC(0): #3: hsize: 1600  vsize 900  refresh: 60  vid: 49321
[    42.168] (II) ARMSOC(0): #4: hsize: 1440  vsize 900  refresh: 60  vid: 149
[    42.168] (II) ARMSOC(0): #5: hsize: 1400  vsize 1050  refresh: 60  vid: 16528
[    42.168] (II) ARMSOC(0): #6: hsize: 1280  vsize 1024  refresh: 60  vid: 32897
[    42.168] (II) ARMSOC(0): Supported detailed timing:
[    42.168] (II) ARMSOC(0): clock: 533.2 MHz   Image Size:  521 x 293 mm
[    42.168] (II) ARMSOC(0): h_active: 3840  h_sync: 3888  h_sync_end 3920 h_blank_end 4000 h_border: 0
[    42.168] (II) ARMSOC(0): v_active: 2160  v_sync: 2163  v_sync_end 2168 v_blanking: 2222 v_border: 0
[    42.168] (II) ARMSOC(0): Supported detailed timing:
[    42.168] (II) ARMSOC(0): clock: 148.5 MHz   Image Size:  521 x 293 mm
[    42.168] (II) ARMSOC(0): h_active: 1920  h_sync: 2008  h_sync_end 2052 h_blank_end 2200 h_border: 0
[    42.168] (II) ARMSOC(0): v_active: 1080  v_sync: 1084  v_sync_end 1089 v_blanking: 1125 v_border: 0
[    42.168] (II) ARMSOC(0): Ranges: V min: 22 V max: 75 Hz, H min: 24 H max: 160 kHz, PixClock max 605 MHz
[    42.168] (II) ARMSOC(0): Monitor name: VX2475 SERIES
[    42.168] (II) ARMSOC(0): Supported detailed timing:
[    42.168] (II) ARMSOC(0): clock: 148.5 MHz   Image Size:  621 x 341 mm
[    42.168] (II) ARMSOC(0): h_active: 1920  h_sync: 2008  h_sync_end 2052 h_blank_end 2200 h_border: 0
[    42.168] (II) ARMSOC(0): v_active: 1080  v_sync: 1084  v_sync_end 1089 v_blanking: 1125 v_border: 0
[    42.168] (II) ARMSOC(0): Supported detailed timing:
[    42.168] (II) ARMSOC(0): clock: 74.2 MHz   Image Size:  521 x 293 mm
[    42.169] (II) ARMSOC(0): h_active: 1280  h_sync: 1390  h_sync_end 1430 h_blank_end 1650 h_border: 0
[    42.169] (II) ARMSOC(0): v_active: 720  v_sync: 725  v_sync_end 730 v_blanking: 750 v_border: 0
[    42.169] (II) ARMSOC(0): Supported detailed timing:
[    42.169] (II) ARMSOC(0): clock: 27.0 MHz   Image Size:  521 x 293 mm
[    42.169] (II) ARMSOC(0): h_active: 720  h_sync: 736  h_sync_end 798 h_blank_end 858 h_border: 0
[    42.169] (II) ARMSOC(0): v_active: 480  v_sync: 489  v_sync_end 495 v_blanking: 525 v_border: 0
[    42.169] (II) ARMSOC(0): Number of EDID sections to follow: 1
[    42.169] (II) ARMSOC(0): EDID (in hex):
[    42.169] (II) ARMSOC(0): 	00ffffffffffff005a6330ae01010101
[    42.169] (II) ARMSOC(0): 	091a010380341d782ee695a3544a9926
[    42.169] (II) ARMSOC(0): 	0f5054bfef80d1c0b300a940a9c09500
[    42.169] (II) ARMSOC(0): 	9040818001014dd000a0f0703e803020
[    42.169] (II) ARMSOC(0): 	350009252100001a023a801871382d40
[    42.169] (II) ARMSOC(0): 	582c450009252100001e000000fd0016
[    42.169] (II) ARMSOC(0): 	4b18a03c000a202020202020000000fc
[    42.169] (II) ARMSOC(0): 	00565832343735205345524945530102
[    42.169] (II) ARMSOC(0): 	02033df151606665101f051404130312
[    42.169] (II) ARMSOC(0): 	0701615d5e5f23097f07830100006d03
[    42.169] (II) ARMSOC(0): 	0c001000393c20006001020367d85dc4
[    42.169] (II) ARMSOC(0): 	016cc800e3050300e40f07e001023a80
[    42.169] (II) ARMSOC(0): 	1871382d40582c45006d552100001e01
[    42.169] (II) ARMSOC(0): 	1d007251d01e206e2855000925210000
[    42.169] (II) ARMSOC(0): 	1e8c0ad08a20e02d10103e9600092521
[    42.169] (II) ARMSOC(0): 	000018023a80d072382d40102c45802b
[    42.169] (II) ARMSOC(0): EDID vendor "VSC", prod id 44592
[    42.169] (II) ARMSOC(0): Using EDID range info for horizontal sync
[    42.170] (II) ARMSOC(0): Using EDID range info for vertical refresh
[    42.170] (II) ARMSOC(0): Printing DDC gathered Modelines:
[    42.170] (II) ARMSOC(0): Modeline "3840x2160"x0.0  533.25  3840 3888 3920 4000  2160 2163 2168 2222 +hsync -vsync (133.3 kHz eP)
[    42.170] (II) ARMSOC(0): Modeline "1920x1080"x0.0  148.50  1920 2008 2052 2200  1080 1084 1089 1125 +hsync +vsync (67.5 kHz e)
[    42.170] (II) ARMSOC(0): Modeline "1280x720"x0.0   74.25  1280 1390 1430 1650  720 725 730 750 +hsync +vsync (45.0 kHz e)
[    42.170] (II) ARMSOC(0): Modeline "720x480"x0.0   27.00  720 736 798 858  480 489 495 525 -hsync -vsync (31.5 kHz e)
[    42.170] (II) ARMSOC(0): Modeline "800x600"x0.0   40.00  800 840 968 1056  600 601 605 628 +hsync +vsync (37.9 kHz e)
[    42.170] (II) ARMSOC(0): Modeline "800x600"x0.0   36.00  800 824 896 1024  600 601 603 625 +hsync +vsync (35.2 kHz e)
[    42.170] (II) ARMSOC(0): Modeline "640x480"x0.0   31.50  640 656 720 840  480 481 484 500 -hsync -vsync (37.5 kHz e)
[    42.170] (II) ARMSOC(0): Modeline "640x480"x0.0   31.50  640 664 704 832  480 489 492 520 -hsync -vsync (37.9 kHz e)
[    42.170] (II) ARMSOC(0): Modeline "640x480"x0.0   30.24  640 704 768 864  480 483 486 525 -hsync -vsync (35.0 kHz e)
[    42.170] (II) ARMSOC(0): Modeline "640x480"x0.0   25.18  640 656 752 800  480 490 492 525 -hsync -vsync (31.5 kHz e)
[    42.170] (II) ARMSOC(0): Modeline "720x400"x0.0   28.32  720 738 846 900  400 412 414 449 -hsync +vsync (31.5 kHz e)
[    42.170] (II) ARMSOC(0): Modeline "1280x1024"x0.0  135.00  1280 1296 1440 1688  1024 1025 1028 1066 +hsync +vsync (80.0 kHz e)
[    42.170] (II) ARMSOC(0): Modeline "1024x768"x0.0   78.75  1024 1040 1136 1312  768 769 772 800 +hsync +vsync (60.0 kHz e)
[    42.170] (II) ARMSOC(0): Modeline "1024x768"x0.0   75.00  1024 1048 1184 1328  768 771 777 806 -hsync -vsync (56.5 kHz e)
[    42.170] (II) ARMSOC(0): Modeline "1024x768"x0.0   65.00  1024 1048 1184 1344  768 771 777 806 -hsync -vsync (48.4 kHz e)
[    42.170] (II) ARMSOC(0): Modeline "832x624"x0.0   57.28  832 864 928 1152  624 625 628 667 -hsync -vsync (49.7 kHz e)
[    42.170] (II) ARMSOC(0): Modeline "800x600"x0.0   49.50  800 816 896 1056  600 601 604 625 +hsync +vsync (46.9 kHz e)
[    42.170] (II) ARMSOC(0): Modeline "800x600"x0.0   50.00  800 856 976 1040  600 637 643 666 +hsync +vsync (48.1 kHz e)
[    42.170] (II) ARMSOC(0): Modeline "1152x864"x0.0  108.00  1152 1216 1344 1600  864 865 868 900 +hsync +vsync (67.5 kHz e)
[    42.170] (II) ARMSOC(0): Modeline "1920x1080"x60.0  172.80  1920 2040 2248 2576  1080 1081 1084 1118 -hsync +vsync (67.1 kHz e)
[    42.170] (II) ARMSOC(0): Modeline "1680x1050"x0.0  119.00  1680 1728 1760 1840  1050 1053 1059 1080 +hsync -vsync (64.7 kHz e)
[    42.170] (II) ARMSOC(0): Modeline "1600x1200"x0.0  162.00  1600 1664 1856 2160  1200 1201 1204 1250 +hsync +vsync (75.0 kHz e)
[    42.170] (II) ARMSOC(0): Modeline "1600x900"x60.0  119.00  1600 1696 1864 2128  900 901 904 932 -hsync +vsync (55.9 kHz e)
[    42.170] (II) ARMSOC(0): Modeline "1440x900"x0.0   88.75  1440 1488 1520 1600  900 903 909 926 +hsync -vsync (55.5 kHz e)
[    42.170] (II) ARMSOC(0): Modeline "1400x1050"x0.0  101.00  1400 1448 1480 1560  1050 1053 1057 1080 +hsync -vsync (64.7 kHz e)
[    42.170] (II) ARMSOC(0): Modeline "1280x1024"x0.0  108.00  1280 1328 1440 1688  1024 1025 1028 1066 +hsync +vsync (64.0 kHz e)
[    42.170] (II) ARMSOC(0): Modeline "720x576"x0.0   27.00  720 732 796 864  576 581 586 625 -hsync -vsync (31.2 kHz e)
[    42.170] (II) ARMSOC(0): Modeline "1920x1080"x0.0   74.25  1920 2558 2602 2750  1080 1084 1089 1125 +hsync +vsync (27.0 kHz e)
[    42.171] (II) ARMSOC(0): Modeline "1440x480i"x0.0   27.00  1440 1478 1602 1716  480 488 494 525 interlace -hsync -vsync (15.7 kHz e)
[    42.171] (II) ARMSOC(0): Modeline "1440x576i"x0.0   27.00  1440 1464 1590 1728  576 580 586 625 interlace -hsync -vsync (15.6 kHz e)
[    42.171] (II) ARMSOC(0): Modeline "1920x1080i"x0.0   74.25  1920 2008 2052 2200  1080 1084 1094 1125 interlace +hsync +vsync (33.8 kHz e)
[    42.171] (II) ARMSOC(0): Modeline "1920x1080i"x0.0   74.25  1920 2448 2492 2640  1080 1084 1094 1125 interlace +hsync +vsync (28.1 kHz e)
[    42.171] (II) ARMSOC(0): Modeline "1280x720"x0.0   74.25  1280 1720 1760 1980  720 725 730 750 +hsync +vsync (37.5 kHz e)
[    42.171] (II) ARMSOC(0): Modeline "1440x240"x0.0   27.00  1440 1478 1602 1716  240 244 247 262 -hsync -vsync (15.7 kHz e)
[    42.171] (--) ARMSOC(0): HDMI max TMDS frequency 300000KHz
[    42.171] (II) ARMSOC(0): Printing probed modes for output HDMI-1
[    42.171] (II) ARMSOC(0): Modeline "3840x2160"x60.0  533.25  3840 3888 3920 4000  2160 2163 2168 2222 +hsync -vsync (133.3 kHz eP)
[    42.171] (II) ARMSOC(0): Modeline "4096x2160"x60.0  594.00  4096 4184 4272 4400  2160 2168 2178 2250 +hsync +vsync (135.0 kHz e)
[    42.171] (II) ARMSOC(0): Modeline "4096x2160"x50.0  594.00  4096 5064 5152 5280  2160 2168 2178 2250 +hsync +vsync (112.5 kHz e)
[    42.171] (II) ARMSOC(0): Modeline "4096x2160"x59.9  593.41  4096 4184 4272 4400  2160 2168 2178 2250 +hsync +vsync (134.9 kHz e)
[    42.171] (II) ARMSOC(0): Modeline "3840x2160"x60.0  594.00  3840 4016 4104 4400  2160 2168 2178 2250 +hsync +vsync (135.0 kHz e)
[    42.171] (II) ARMSOC(0): Modeline "3840x2160"x50.0  594.00  3840 4896 4984 5280  2160 2168 2178 2250 +hsync +vsync (112.5 kHz e)
[    42.171] (II) ARMSOC(0): Modeline "3840x2160"x59.9  593.41  3840 4016 4104 4400  2160 2168 2178 2250 +hsync +vsync (134.9 kHz e)
[    42.171] (II) ARMSOC(0): Modeline "3840x2160"x30.0  297.00  3840 4016 4104 4400  2160 2168 2178 2250 +hsync +vsync (67.5 kHz e)
[    42.171] (II) ARMSOC(0): Modeline "3840x2160"x25.0  297.00  3840 4896 4984 5280  2160 2168 2178 2250 +hsync +vsync (56.2 kHz e)
[    42.171] (II) ARMSOC(0): Modeline "3840x2160"x24.0  297.00  3840 5116 5204 5500  2160 2168 2178 2250 +hsync +vsync (54.0 kHz e)
[    42.171] (II) ARMSOC(0): Modeline "3840x2160"x30.0  296.70  3840 4016 4104 4400  2160 2168 2178 2250 +hsync +vsync (67.4 kHz e)
[    42.171] (II) ARMSOC(0): Modeline "3840x2160"x24.0  296.70  3840 5116 5204 5500  2160 2168 2178 2250 +hsync +vsync (53.9 kHz e)
[    42.171] (II) ARMSOC(0): Modeline "1920x1080"x60.0  148.50  1920 2008 2052 2200  1080 1084 1089 1125 +hsync +vsync (67.5 kHz e)
[    42.171] (II) ARMSOC(0): Modeline "1920x1080"x50.0  148.50  1920 2448 2492 2640  1080 1084 1089 1125 +hsync +vsync (56.2 kHz e)
[    42.171] (II) ARMSOC(0): Modeline "1920x1080"x59.9  148.35  1920 2008 2052 2200  1080 1084 1089 1125 +hsync +vsync (67.4 kHz e)
[    42.171] (II) ARMSOC(0): Modeline "1600x1200"x60.0  162.00  1600 1664 1856 2160  1200 1201 1204 1250 +hsync +vsync (75.0 kHz e)
[    42.171] (II) ARMSOC(0): Modeline "1680x1050"x59.9  119.00  1680 1728 1760 1840  1050 1053 1059 1080 +hsync -vsync (64.7 kHz e)
[    42.171] (II) ARMSOC(0): Modeline "1400x1050"x59.9  101.00  1400 1448 1480 1560  1050 1053 1057 1080 +hsync -vsync (64.7 kHz e)
[    42.172] (II) ARMSOC(0): Modeline "1600x900"x60.0  108.00  1600 1624 1704 1800  900 901 904 1000 +hsync +vsync (60.0 kHz e)
[    42.172] (II) ARMSOC(0): Modeline "1280x1024"x75.0  135.00  1280 1296 1440 1688  1024 1025 1028 1066 +hsync +vsync (80.0 kHz e)
[    42.172] (II) ARMSOC(0): Modeline "1280x1024"x60.0  108.00  1280 1328 1440 1688  1024 1025 1028 1066 +hsync +vsync (64.0 kHz e)
[    42.172] (II) ARMSOC(0): Modeline "1440x900"x59.9   88.75  1440 1488 1520 1600  900 903 909 926 +hsync -vsync (55.5 kHz e)
[    42.172] (II) ARMSOC(0): Modeline "1920x1080i"x60.0   74.25  1920 2008 2052 2200  540 1084 1094 1125 interlace +hsync +vsync (33.8 kHz e)
[    42.172] (II) ARMSOC(0): Modeline "1920x1080i"x50.0   74.25  1920 2448 2492 2640  540 1084 1094 1125 interlace +hsync +vsync (28.1 kHz e)
[    42.172] (II) ARMSOC(0): Modeline "1920x1080i"x59.9   74.18  1920 2008 2052 2200  540 1084 1094 1125 interlace +hsync +vsync (33.7 kHz e)
[    42.172] (II) ARMSOC(0): Modeline "1152x864"x75.0  108.00  1152 1216 1344 1600  864 865 868 900 +hsync +vsync (67.5 kHz e)
[    42.172] (II) ARMSOC(0): Modeline "1280x720"x60.0   74.25  1280 1390 1430 1650  720 725 730 750 +hsync +vsync (45.0 kHz e)
[    42.172] (II) ARMSOC(0): Modeline "1280x720"x50.0   74.25  1280 1720 1760 1980  720 725 730 750 +hsync +vsync (37.5 kHz e)
[    42.172] (II) ARMSOC(0): Modeline "1280x720"x59.9   74.18  1280 1390 1430 1650  720 725 730 750 +hsync +vsync (45.0 kHz e)
[    42.172] (II) ARMSOC(0): Modeline "1024x768"x75.0   78.75  1024 1040 1136 1312  768 769 772 800 +hsync +vsync (60.0 kHz e)
[    42.172] (II) ARMSOC(0): Modeline "1024x768"x70.1   75.00  1024 1048 1184 1328  768 771 777 806 -hsync -vsync (56.5 kHz e)
[    42.172] (II) ARMSOC(0): Modeline "1024x768"x60.0   65.00  1024 1048 1184 1344  768 771 777 806 -hsync -vsync (48.4 kHz e)
[    42.172] (II) ARMSOC(0): Modeline "832x624"x74.6   57.28  832 864 928 1152  624 625 628 667 -hsync -vsync (49.7 kHz e)
[    42.172] (II) ARMSOC(0): Modeline "800x600"x72.2   50.00  800 856 976 1040  600 637 643 666 +hsync +vsync (48.1 kHz e)
[    42.172] (II) ARMSOC(0): Modeline "800x600"x75.0   49.50  800 816 896 1056  600 601 604 625 +hsync +vsync (46.9 kHz e)
[    42.172] (II) ARMSOC(0): Modeline "800x600"x60.3   40.00  800 840 968 1056  600 601 605 628 +hsync +vsync (37.9 kHz e)
[    42.172] (II) ARMSOC(0): Modeline "800x600"x56.2   36.00  800 824 896 1024  600 601 603 625 +hsync +vsync (35.2 kHz e)
[    42.172] (II) ARMSOC(0): Modeline "720x576"x50.0   27.00  720 732 796 864  576 581 586 625 -hsync -vsync (31.2 kHz e)
[    42.172] (II) ARMSOC(0): Modeline "720x480"x60.0   27.03  720 736 798 858  480 489 495 525 -hsync -vsync (31.5 kHz e)
[    42.172] (II) ARMSOC(0): Modeline "720x480"x59.9   27.00  720 736 798 858  480 489 495 525 -hsync -vsync (31.5 kHz e)
[    42.172] (II) ARMSOC(0): Modeline "640x480"x75.0   31.50  640 656 720 840  480 481 484 500 -hsync -vsync (37.5 kHz e)
[    42.172] (II) ARMSOC(0): Modeline "640x480"x72.8   31.50  640 664 704 832  480 489 492 520 -hsync -vsync (37.9 kHz e)
[    42.172] (II) ARMSOC(0): Modeline "640x480"x66.7   30.24  640 704 768 864  480 483 486 525 -hsync -vsync (35.0 kHz e)
[    42.172] (II) ARMSOC(0): Modeline "640x480"x60.0   25.20  640 656 752 800  480 490 492 525 -hsync -vsync (31.5 kHz e)
[    42.172] (II) ARMSOC(0): Modeline "640x480"x59.9   25.18  640 656 752 800  480 490 492 525 -hsync -vsync (31.5 kHz e)
[    42.172] (II) ARMSOC(0): Modeline "720x400"x70.1   28.32  720 738 846 900  400 412 414 449 -hsync +vsync (31.5 kHz e)
[    42.173] (II) ARMSOC(0): Modeline "720x480i"x120.0   27.03  720 739 801 858  240 488 494 525 interlace -hsync -vsync (31.5 kHz e)
[    42.173] (II) ARMSOC(0): Modeline "720x480i"x119.9   27.00  720 739 801 858  240 488 494 525 interlace -hsync -vsync (31.5 kHz e)
[    42.173] (II) ARMSOC(0): Output HDMI-1 connected
[    42.173] (II) ARMSOC(0): Using exact sizes for initial modes
[    42.173] (II) ARMSOC(0): Output HDMI-1 using initial mode 3840x2160 +0+0
[    42.173] (II) ARMSOC(0): Got KMS resources
[    42.173] (**) ARMSOC(0): Display dimensions: (520, 290) mm
[    42.173] (**) ARMSOC(0): DPI set to (187, 189)
[    42.173] (II) Loading sub module "dri2"
[    42.173] (II) LoadModule: "dri2"
[    42.173] (II) Module "dri2" already built-in
[    42.173] (II) Loading sub module "exa"
[    42.173] (II) LoadModule: "exa"
[    42.174] (II) Loading /usr/lib/xorg/modules/libexa.so
[    42.181] (II) Module exa: vendor="X.Org Foundation"
[    42.181] 	compiled for 1.18.4, module version = 2.6.0
[    42.181] 	ABI class: X.Org Video Driver, version 20.0
[    42.181] (II) Loading sub module "fb"
[    42.181] (II) LoadModule: "fb"
[    42.181] (II) Loading /usr/lib/xorg/modules/libfb.so
[    42.197] (II) Module fb: vendor="X.Org Foundation"
[    42.197] 	compiled for 1.18.4, module version = 1.0.0
[    42.197] 	ABI class: X.Org ANSI C Emulation, version 0.4
[    42.197] (--) Depth 24 pixmap format is 32 bpp
[    42.222] (II) ARMSOC(0): Soft EXA mode
[    42.223] (II) EXA(0): Driver allocated offscreen pixmaps
[    42.223] (II) EXA(0): Driver registered support for the following operations:
[    42.223] (II)         Solid
[    42.223] (II)         Copy
[    42.223] (II)         Composite (RENDER acceleration)
[    42.223] (II) ARMSOC(0): Setting swap chain size: 2 
[    42.223] (II) ARMSOC(0): [DRI2] Setup complete
[    42.223] (II) ARMSOC(0): [DRI2]   DRI driver: armsoc
[    42.223] (==) ARMSOC(0): Backing store enabled
[    42.223] (==) ARMSOC(0): Silken mouse enabled
[    42.227] (II) ARMSOC(0): HW cursor init()
[    42.252] (II) ARMSOC(0): RandR 1.2 enabled, ignore the following RandR disabled message.
[    42.255] (--) RandR disabled
[    42.276] (II) SELinux: Disabled on system
[    42.280] (EE) AIGLX error: dlopen of /usr/lib/aarch64-linux-gnu/dri/armsoc_dri.so failed (/usr/lib/aarch64-linux-gnu/dri/armsoc_dri.so: cannot open shared object file: No such file or directory)
[    42.280] (EE) AIGLX: reverting to software rendering
[    63.034] (II) AIGLX: enabled GLX_MESA_copy_sub_buffer
[    63.036] (II) AIGLX: Loaded and initialized swrast
[    63.036] (II) GLX: Initialized DRISWRAST GL provider for screen 0
[    63.037] (II) ARMSOC(0): Setting screen physical size to 1016 x 571
[    63.543] (II) config/udev: Adding input device gpio-keys (/dev/input/event0)
[    63.543] (**) gpio-keys: Applying InputClass "evdev keyboard catchall"
[    63.543] (II) LoadModule: "evdev"
[    63.544] (II) Loading /usr/lib/xorg/modules/input/evdev_drv.so
[    65.329] (II) Module evdev: vendor="X.Org Foundation"
[    65.329] 	compiled for 1.18.1, module version = 2.10.1
[    65.329] 	Module class: X.Org XInput Driver
[    65.329] 	ABI class: X.Org XInput driver, version 22.1
[    65.329] (II) Using input driver 'evdev' for 'gpio-keys'
[    65.329] (**) gpio-keys: always reports core events
[    65.329] (**) evdev: gpio-keys: Device: "/dev/input/event0"
[    65.329] (--) evdev: gpio-keys: Vendor 0x1 Product 0x1
[    65.329] (--) evdev: gpio-keys: Found keys
[    65.329] (II) evdev: gpio-keys: Configuring as keyboard
[    65.330] (**) Option "config_info" "udev:/sys/devices/platform/gpio-keys/input/input0/event0"
[    65.330] (II) XINPUT: Adding extended input device "gpio-keys" (type: KEYBOARD, id 6)
[    65.330] (**) Option "xkb_rules" "evdev"
[    65.330] (**) Option "xkb_model" "pc105"
[    65.330] (**) Option "xkb_layout" "us"
[    75.814] (II) ARMSOC(0): EDID vendor "VSC", prod id 44592
[    75.814] (II) ARMSOC(0): Using hsync ranges from config file
[    75.814] (II) ARMSOC(0): Using vrefresh ranges from config file
[    75.814] (II) ARMSOC(0): Printing DDC gathered Modelines:
[    75.814] (II) ARMSOC(0): Modeline "3840x2160"x0.0  533.25  3840 3888 3920 4000  2160 2163 2168 2222 +hsync -vsync (133.3 kHz eP)
[    75.814] (II) ARMSOC(0): Modeline "1920x1080"x0.0  148.50  1920 2008 2052 2200  1080 1084 1089 1125 +hsync +vsync (67.5 kHz e)
[    75.814] (II) ARMSOC(0): Modeline "1280x720"x0.0   74.25  1280 1390 1430 1650  720 725 730 750 +hsync +vsync (45.0 kHz e)
[    75.814] (II) ARMSOC(0): Modeline "720x480"x0.0   27.00  720 736 798 858  480 489 495 525 -hsync -vsync (31.5 kHz e)
[    75.814] (II) ARMSOC(0): Modeline "800x600"x0.0   40.00  800 840 968 1056  600 601 605 628 +hsync +vsync (37.9 kHz e)
[    75.814] (II) ARMSOC(0): Modeline "800x600"x0.0   36.00  800 824 896 1024  600 601 603 625 +hsync +vsync (35.2 kHz e)
[    75.814] (II) ARMSOC(0): Modeline "640x480"x0.0   31.50  640 656 720 840  480 481 484 500 -hsync -vsync (37.5 kHz e)
[    75.814] (II) ARMSOC(0): Modeline "640x480"x0.0   31.50  640 664 704 832  480 489 492 520 -hsync -vsync (37.9 kHz e)
[    75.814] (II) ARMSOC(0): Modeline "640x480"x0.0   30.24  640 704 768 864  480 483 486 525 -hsync -vsync (35.0 kHz e)
[    75.814] (II) ARMSOC(0): Modeline "640x480"x0.0   25.18  640 656 752 800  480 490 492 525 -hsync -vsync (31.5 kHz e)
[    75.814] (II) ARMSOC(0): Modeline "720x400"x0.0   28.32  720 738 846 900  400 412 414 449 -hsync +vsync (31.5 kHz e)
[    75.814] (II) ARMSOC(0): Modeline "1280x1024"x0.0  135.00  1280 1296 1440 1688  1024 1025 1028 1066 +hsync +vsync (80.0 kHz e)
[    75.814] (II) ARMSOC(0): Modeline "1024x768"x0.0   78.75  1024 1040 1136 1312  768 769 772 800 +hsync +vsync (60.0 kHz e)
[    75.814] (II) ARMSOC(0): Modeline "1024x768"x0.0   75.00  1024 1048 1184 1328  768 771 777 806 -hsync -vsync (56.5 kHz e)
[    75.814] (II) ARMSOC(0): Modeline "1024x768"x0.0   65.00  1024 1048 1184 1344  768 771 777 806 -hsync -vsync (48.4 kHz e)
[    75.815] (II) ARMSOC(0): Modeline "832x624"x0.0   57.28  832 864 928 1152  624 625 628 667 -hsync -vsync (49.7 kHz e)
[    75.815] (II) ARMSOC(0): Modeline "800x600"x0.0   49.50  800 816 896 1056  600 601 604 625 +hsync +vsync (46.9 kHz e)
[    75.815] (II) ARMSOC(0): Modeline "800x600"x0.0   50.00  800 856 976 1040  600 637 643 666 +hsync +vsync (48.1 kHz e)
[    75.815] (II) ARMSOC(0): Modeline "1152x864"x0.0  108.00  1152 1216 1344 1600  864 865 868 900 +hsync +vsync (67.5 kHz e)
[    75.815] (II) ARMSOC(0): Modeline "1920x1080"x60.0  172.80  1920 2040 2248 2576  1080 1081 1084 1118 -hsync +vsync (67.1 kHz e)
[    75.815] (II) ARMSOC(0): Modeline "1680x1050"x0.0  119.00  1680 1728 1760 1840  1050 1053 1059 1080 +hsync -vsync (64.7 kHz e)
[    75.815] (II) ARMSOC(0): Modeline "1600x1200"x0.0  162.00  1600 1664 1856 2160  1200 1201 1204 1250 +hsync +vsync (75.0 kHz e)
[    75.815] (II) ARMSOC(0): Modeline "1600x900"x60.0  119.00  1600 1696 1864 2128  900 901 904 932 -hsync +vsync (55.9 kHz e)
[    75.815] (II) ARMSOC(0): Modeline "1440x900"x0.0   88.75  1440 1488 1520 1600  900 903 909 926 +hsync -vsync (55.5 kHz e)
[    75.815] (II) ARMSOC(0): Modeline "1400x1050"x0.0  101.00  1400 1448 1480 1560  1050 1053 1057 1080 +hsync -vsync (64.7 kHz e)
[    75.815] (II) ARMSOC(0): Modeline "1280x1024"x0.0  108.00  1280 1328 1440 1688  1024 1025 1028 1066 +hsync +vsync (64.0 kHz e)
[    75.815] (II) ARMSOC(0): Modeline "720x576"x0.0   27.00  720 732 796 864  576 581 586 625 -hsync -vsync (31.2 kHz e)
[    75.815] (II) ARMSOC(0): Modeline "1920x1080"x0.0   74.25  1920 2558 2602 2750  1080 1084 1089 1125 +hsync +vsync (27.0 kHz e)
[    75.815] (II) ARMSOC(0): Modeline "1440x480i"x0.0   27.00  1440 1478 1602 1716  480 488 494 525 interlace -hsync -vsync (15.7 kHz e)
[    75.815] (II) ARMSOC(0): Modeline "1440x576i"x0.0   27.00  1440 1464 1590 1728  576 580 586 625 interlace -hsync -vsync (15.6 kHz e)
[    75.815] (II) ARMSOC(0): Modeline "1920x1080i"x0.0   74.25  1920 2008 2052 2200  1080 1084 1094 1125 interlace +hsync +vsync (33.8 kHz e)
[    75.815] (II) ARMSOC(0): Modeline "1920x1080i"x0.0   74.25  1920 2448 2492 2640  1080 1084 1094 1125 interlace +hsync +vsync (28.1 kHz e)
[    75.815] (II) ARMSOC(0): Modeline "1280x720"x0.0   74.25  1280 1720 1760 1980  720 725 730 750 +hsync +vsync (37.5 kHz e)
[    75.815] (II) ARMSOC(0): Modeline "1440x240"x0.0   27.00  1440 1478 1602 1716  240 244 247 262 -hsync -vsync (15.7 kHz e)
[    75.815] (II) ARMSOC(0): EDID vendor "VSC", prod id 44592
[    75.815] (II) ARMSOC(0): Using hsync ranges from config file
[    75.815] (II) ARMSOC(0): Using vrefresh ranges from config file
[    75.815] (II) ARMSOC(0): Printing DDC gathered Modelines:
[    75.815] (II) ARMSOC(0): Modeline "3840x2160"x0.0  533.25  3840 3888 3920 4000  2160 2163 2168 2222 +hsync -vsync (133.3 kHz eP)
[    75.815] (II) ARMSOC(0): Modeline "1920x1080"x0.0  148.50  1920 2008 2052 2200  1080 1084 1089 1125 +hsync +vsync (67.5 kHz e)
[    75.815] (II) ARMSOC(0): Modeline "1280x720"x0.0   74.25  1280 1390 1430 1650  720 725 730 750 +hsync +vsync (45.0 kHz e)
[    75.816] (II) ARMSOC(0): Modeline "720x480"x0.0   27.00  720 736 798 858  480 489 495 525 -hsync -vsync (31.5 kHz e)
[    75.816] (II) ARMSOC(0): Modeline "800x600"x0.0   40.00  800 840 968 1056  600 601 605 628 +hsync +vsync (37.9 kHz e)
[    75.816] (II) ARMSOC(0): Modeline "800x600"x0.0   36.00  800 824 896 1024  600 601 603 625 +hsync +vsync (35.2 kHz e)
[    75.816] (II) ARMSOC(0): Modeline "640x480"x0.0   31.50  640 656 720 840  480 481 484 500 -hsync -vsync (37.5 kHz e)
[    75.816] (II) ARMSOC(0): Modeline "640x480"x0.0   31.50  640 664 704 832  480 489 492 520 -hsync -vsync (37.9 kHz e)
[    75.816] (II) ARMSOC(0): Modeline "640x480"x0.0   30.24  640 704 768 864  480 483 486 525 -hsync -vsync (35.0 kHz e)
[    75.816] (II) ARMSOC(0): Modeline "640x480"x0.0   25.18  640 656 752 800  480 490 492 525 -hsync -vsync (31.5 kHz e)
[    75.816] (II) ARMSOC(0): Modeline "720x400"x0.0   28.32  720 738 846 900  400 412 414 449 -hsync +vsync (31.5 kHz e)
[    75.816] (II) ARMSOC(0): Modeline "1280x1024"x0.0  135.00  1280 1296 1440 1688  1024 1025 1028 1066 +hsync +vsync (80.0 kHz e)
[    75.816] (II) ARMSOC(0): Modeline "1024x768"x0.0   78.75  1024 1040 1136 1312  768 769 772 800 +hsync +vsync (60.0 kHz e)
[    75.816] (II) ARMSOC(0): Modeline "1024x768"x0.0   75.00  1024 1048 1184 1328  768 771 777 806 -hsync -vsync (56.5 kHz e)
[    75.816] (II) ARMSOC(0): Modeline "1024x768"x0.0   65.00  1024 1048 1184 1344  768 771 777 806 -hsync -vsync (48.4 kHz e)
[    75.816] (II) ARMSOC(0): Modeline "832x624"x0.0   57.28  832 864 928 1152  624 625 628 667 -hsync -vsync (49.7 kHz e)
[    75.816] (II) ARMSOC(0): Modeline "800x600"x0.0   49.50  800 816 896 1056  600 601 604 625 +hsync +vsync (46.9 kHz e)
[    75.816] (II) ARMSOC(0): Modeline "800x600"x0.0   50.00  800 856 976 1040  600 637 643 666 +hsync +vsync (48.1 kHz e)
[    75.816] (II) ARMSOC(0): Modeline "1152x864"x0.0  108.00  1152 1216 1344 1600  864 865 868 900 +hsync +vsync (67.5 kHz e)
[    75.816] (II) ARMSOC(0): Modeline "1920x1080"x60.0  172.80  1920 2040 2248 2576  1080 1081 1084 1118 -hsync +vsync (67.1 kHz e)
[    75.816] (II) ARMSOC(0): Modeline "1680x1050"x0.0  119.00  1680 1728 1760 1840  1050 1053 1059 1080 +hsync -vsync (64.7 kHz e)
[    75.816] (II) ARMSOC(0): Modeline "1600x1200"x0.0  162.00  1600 1664 1856 2160  1200 1201 1204 1250 +hsync +vsync (75.0 kHz e)
[    75.816] (II) ARMSOC(0): Modeline "1600x900"x60.0  119.00  1600 1696 1864 2128  900 901 904 932 -hsync +vsync (55.9 kHz e)
[    75.816] (II) ARMSOC(0): Modeline "1440x900"x0.0   88.75  1440 1488 1520 1600  900 903 909 926 +hsync -vsync (55.5 kHz e)
[    75.816] (II) ARMSOC(0): Modeline "1400x1050"x0.0  101.00  1400 1448 1480 1560  1050 1053 1057 1080 +hsync -vsync (64.7 kHz e)
[    75.816] (II) ARMSOC(0): Modeline "1280x1024"x0.0  108.00  1280 1328 1440 1688  1024 1025 1028 1066 +hsync +vsync (64.0 kHz e)
[    75.816] (II) ARMSOC(0): Modeline "720x576"x0.0   27.00  720 732 796 864  576 581 586 625 -hsync -vsync (31.2 kHz e)
[    75.816] (II) ARMSOC(0): Modeline "1920x1080"x0.0   74.25  1920 2558 2602 2750  1080 1084 1089 1125 +hsync +vsync (27.0 kHz e)
[    75.816] (II) ARMSOC(0): Modeline "1440x480i"x0.0   27.00  1440 1478 1602 1716  480 488 494 525 interlace -hsync -vsync (15.7 kHz e)
[    75.816] (II) ARMSOC(0): Modeline "1440x576i"x0.0   27.00  1440 1464 1590 1728  576 580 586 625 interlace -hsync -vsync (15.6 kHz e)
[    75.816] (II) ARMSOC(0): Modeline "1920x1080i"x0.0   74.25  1920 2008 2052 2200  1080 1084 1094 1125 interlace +hsync +vsync (33.8 kHz e)
[    75.817] (II) ARMSOC(0): Modeline "1920x1080i"x0.0   74.25  1920 2448 2492 2640  1080 1084 1094 1125 interlace +hsync +vsync (28.1 kHz e)
[    75.817] (II) ARMSOC(0): Modeline "1280x720"x0.0   74.25  1280 1720 1760 1980  720 725 730 750 +hsync +vsync (37.5 kHz e)
[    75.817] (II) ARMSOC(0): Modeline "1440x240"x0.0   27.00  1440 1478 1602 1716  240 244 247 262 -hsync -vsync (15.7 kHz e)
[    75.817] (--) ARMSOC(0): HDMI max TMDS frequency 300000KHz
[   513.773] (II) config/udev: Adding input device Dell Dell Universal Receiver Mouse (/dev/input/mouse0)
[   513.773] (II) No input driver specified, ignoring this device.
[   513.773] (II) This device may have been added with another device file.
[   513.799] (II) config/udev: Adding input device Dell Dell Universal Receiver (/dev/input/event1)
[   513.799] (**) Dell Dell Universal Receiver: Applying InputClass "evdev keyboard catchall"
[   513.799] (II) Using input driver 'evdev' for 'Dell Dell Universal Receiver'
[   513.799] (**) Dell Dell Universal Receiver: always reports core events
[   513.799] (**) evdev: Dell Dell Universal Receiver: Device: "/dev/input/event1"
[   513.799] (--) evdev: Dell Dell Universal Receiver: Vendor 0x413c Product 0x301d
[   513.799] (--) evdev: Dell Dell Universal Receiver: Found keys
[   513.799] (II) evdev: Dell Dell Universal Receiver: Configuring as keyboard
[   513.799] (**) Option "config_info" "udev:/sys/devices/platform/amba/ff9d0000.usb0/fe200000.dwc3/xhci-hcd.0.auto/usb1/1-1/1-1:1.0/0003:413C:301D.0001/input/input1/event1"
[   513.799] (II) XINPUT: Adding extended input device "Dell Dell Universal Receiver" (type: KEYBOARD, id 7)
[   513.799] (**) Option "xkb_rules" "evdev"
[   513.799] (**) Option "xkb_model" "pc105"
[   513.799] (**) Option "xkb_layout" "us"
[   513.799] (WW) Option "xkb_variant" requires a string value
[   513.799] (WW) Option "xkb_options" requires a string value
[   513.884] (II) config/udev: Adding input device Dell Dell Universal Receiver Mouse (/dev/input/event2)
[   513.884] (**) Dell Dell Universal Receiver Mouse: Applying InputClass "evdev pointer catchall"
[   513.884] (II) Using input driver 'evdev' for 'Dell Dell Universal Receiver Mouse'
[   513.884] (**) Dell Dell Universal Receiver Mouse: always reports core events
[   513.884] (**) evdev: Dell Dell Universal Receiver Mouse: Device: "/dev/input/event2"
[   513.884] (--) evdev: Dell Dell Universal Receiver Mouse: Vendor 0x413c Product 0x301d
[   513.884] (--) evdev: Dell Dell Universal Receiver Mouse: Found 9 mouse buttons
[   513.884] (--) evdev: Dell Dell Universal Receiver Mouse: Found scroll wheel(s)
[   513.884] (--) evdev: Dell Dell Universal Receiver Mouse: Found relative axes
[   513.884] (--) evdev: Dell Dell Universal Receiver Mouse: Found x and y relative axes
[   513.884] (II) evdev: Dell Dell Universal Receiver Mouse: Configuring as mouse
[   513.884] (II) evdev: Dell Dell Universal Receiver Mouse: Adding scrollwheel support
[   513.884] (**) evdev: Dell Dell Universal Receiver Mouse: YAxisMapping: buttons 4 and 5
[   513.884] (**) evdev: Dell Dell Universal Receiver Mouse: EmulateWheelButton: 4, EmulateWheelInertia: 10, EmulateWheelTimeout: 200
[   513.884] (**) Option "config_info" "udev:/sys/devices/platform/amba/ff9d0000.usb0/fe200000.dwc3/xhci-hcd.0.auto/usb1/1-1/1-1:1.1/0003:413C:301D.0002/input/input2/event2"
[   513.884] (II) XINPUT: Adding extended input device "Dell Dell Universal Receiver Mouse" (type: MOUSE, id 8)
[   513.885] (II) evdev: Dell Dell Universal Receiver Mouse: initialized for relative axes.
[   513.886] (**) Dell Dell Universal Receiver Mouse: (accel) keeping acceleration scheme 1
[   513.886] (**) Dell Dell Universal Receiver Mouse: (accel) acceleration profile 0
[   513.886] (**) Dell Dell Universal Receiver Mouse: (accel) acceleration factor: 2.000
[   513.886] (**) Dell Dell Universal Receiver Mouse: (accel) acceleration threshold: 4
[   513.888] (II) config/udev: Adding input device Dell Dell Universal Receiver System Control (/dev/input/event4)
[   513.888] (**) Dell Dell Universal Receiver System Control: Applying InputClass "evdev keyboard catchall"
[   513.888] (II) Using input driver 'evdev' for 'Dell Dell Universal Receiver System Control'
[   513.889] (**) Dell Dell Universal Receiver System Control: always reports core events
[   513.889] (**) evdev: Dell Dell Universal Receiver System Control: Device: "/dev/input/event4"
[   513.889] (--) evdev: Dell Dell Universal Receiver System Control: Vendor 0x413c Product 0x301d
[   513.889] (--) evdev: Dell Dell Universal Receiver System Control: Found keys
[   513.889] (II) evdev: Dell Dell Universal Receiver System Control: Configuring as keyboard
[   513.889] (**) Option "config_info" "udev:/sys/devices/platform/amba/ff9d0000.usb0/fe200000.dwc3/xhci-hcd.0.auto/usb1/1-1/1-1:1.1/0003:413C:301D.0002/input/input4/event4"
[   513.889] (II) XINPUT: Adding extended input device "Dell Dell Universal Receiver System Control" (type: KEYBOARD, id 9)
[   513.889] (**) Option "xkb_rules" "evdev"
[   513.889] (**) Option "xkb_model" "pc105"
[   513.889] (**) Option "xkb_layout" "us"
[   513.889] (WW) Option "xkb_variant" requires a string value
[   513.889] (WW) Option "xkb_options" requires a string value
[   513.892] (II) config/udev: Adding input device Dell Dell Universal Receiver Consumer Control (/dev/input/event3)
[   513.892] (**) Dell Dell Universal Receiver Consumer Control: Applying InputClass "evdev keyboard catchall"
[   513.892] (II) Using input driver 'evdev' for 'Dell Dell Universal Receiver Consumer Control'
[   513.892] (**) Dell Dell Universal Receiver Consumer Control: always reports core events
[   513.892] (**) evdev: Dell Dell Universal Receiver Consumer Control: Device: "/dev/input/event3"
[   513.892] (--) evdev: Dell Dell Universal Receiver Consumer Control: Vendor 0x413c Product 0x301d
[   513.892] (--) evdev: Dell Dell Universal Receiver Consumer Control: Found 1 mouse buttons
[   513.892] (--) evdev: Dell Dell Universal Receiver Consumer Control: Found scroll wheel(s)
[   513.892] (--) evdev: Dell Dell Universal Receiver Consumer Control: Found relative axes
[   513.892] (II) evdev: Dell Dell Universal Receiver Consumer Control: Forcing relative x/y axes to exist.
[   513.892] (--) evdev: Dell Dell Universal Receiver Consumer Control: Found absolute axes
[   513.892] (II) evdev: Dell Dell Universal Receiver Consumer Control: Forcing absolute x/y axes to exist.
[   513.893] (--) evdev: Dell Dell Universal Receiver Consumer Control: Found keys
[   513.893] (II) evdev: Dell Dell Universal Receiver Consumer Control: Configuring as mouse
[   513.893] (II) evdev: Dell Dell Universal Receiver Consumer Control: Configuring as keyboard
[   513.893] (II) evdev: Dell Dell Universal Receiver Consumer Control: Adding scrollwheel support
[   513.893] (**) evdev: Dell Dell Universal Receiver Consumer Control: YAxisMapping: buttons 4 and 5
[   513.893] (**) evdev: Dell Dell Universal Receiver Consumer Control: EmulateWheelButton: 4, EmulateWheelInertia: 10, EmulateWheelTimeout: 200
[   513.893] (**) Option "config_info" "udev:/sys/devices/platform/amba/ff9d0000.usb0/fe200000.dwc3/xhci-hcd.0.auto/usb1/1-1/1-1:1.1/0003:413C:301D.0002/input/input3/event3"
[   513.893] (II) XINPUT: Adding extended input device "Dell Dell Universal Receiver Consumer Control" (type: KEYBOARD, id 10)
[   513.893] (**) Option "xkb_rules" "evdev"
[   513.893] (**) Option "xkb_model" "pc105"
[   513.893] (**) Option "xkb_layout" "us"
[   513.893] (WW) Option "xkb_variant" requires a string value
[   513.893] (WW) Option "xkb_options" requires a string value
[   513.894] (II) evdev: Dell Dell Universal Receiver Consumer Control: initialized for relative axes.
[   513.894] (WW) evdev: Dell Dell Universal Receiver Consumer Control: ignoring absolute axes.
[   513.894] (**) Dell Dell Universal Receiver Consumer Control: (accel) keeping acceleration scheme 1
[   513.894] (**) Dell Dell Universal Receiver Consumer Control: (accel) acceleration profile 0
[   513.894] (**) Dell Dell Universal Receiver Consumer Control: (accel) acceleration factor: 2.000
[   513.894] (**) Dell Dell Universal Receiver Consumer Control: (accel) acceleration threshold: 4
[   700.919] (II) config/udev: removing device Dell Dell Universal Receiver
[   700.953] (II) evdev: Dell Dell Universal Receiver: Close
[   700.953] (II) UnloadModule: "evdev"
[   700.991] (II) config/udev: removing device Dell Dell Universal Receiver Mouse
[   701.009] (II) evdev: Dell Dell Universal Receiver Mouse: Close
[   701.010] (II) UnloadModule: "evdev"
[   701.036] (II) config/udev: removing device Dell Dell Universal Receiver Consumer Control
[   701.065] (II) evdev: Dell Dell Universal Receiver Consumer Control: Close
[   701.066] (II) UnloadModule: "evdev"
[   701.075] (II) config/udev: removing device Dell Dell Universal Receiver System Control
[   701.092] (II) evdev: Dell Dell Universal Receiver System Control: Close
[   701.092] (II) UnloadModule: "evdev"
[ 10937.969] (II) evdev: gpio-keys: Close
[ 10937.969] (II) UnloadModule: "evdev"
